<?xml version="1.0" encoding="UTF-8"?>
<!-- Generated by org.testng.reporters.JUnitXMLReporter -->
<testsuite ignored="0" hostname="QT-INBG-LT0308" failures="0" tests="3" name="Default test" time="10.927" errors="0" timestamp="2022-07-26T20:27:35 IST">
  <testcase classname="B1.MobileWorld" name="SignUp" time="2.889"/>
  <testcase classname="B1.MobileWorld" name="Login" time="3.833"/>
  <testcase classname="B1.MobileWorld" name="ContactUs" time="1.245"/>
</testsuite> <!-- Default test -->
