<?xml version="1.0" encoding="UTF-8"?>
<testng-results ignored="0" total="3" passed="3" failed="0" skipped="0">
  <reporter-output>
  </reporter-output>
  <suite started-at="2022-07-26T20:27:24 IST" name="Default suite" finished-at="2022-07-26T20:27:35 IST" duration-ms="10927">
    <groups>
    </groups>
    <test started-at="2022-07-26T20:27:24 IST" name="Default test" finished-at="2022-07-26T20:27:35 IST" duration-ms="10927">
      <class name="B1.MobileWorld">
        <test-method is-config="true" signature="launchBrowser()[pri:0, instance:B1.MobileWorld@66498326]" started-at="2022-07-26T20:27:24 IST" name="launchBrowser" finished-at="2022-07-26T20:27:27 IST" duration-ms="2664" status="PASS">
          <reporter-output>
          </reporter-output>
        </test-method> <!-- launchBrowser -->
        <test-method signature="SignUp()[pri:0, instance:B1.MobileWorld@66498326]" started-at="2022-07-26T20:27:27 IST" name="SignUp" finished-at="2022-07-26T20:27:30 IST" duration-ms="2889" status="PASS">
          <reporter-output>
          </reporter-output>
        </test-method> <!-- SignUp -->
        <test-method signature="Login()[pri:0, instance:B1.MobileWorld@66498326]" started-at="2022-07-26T20:27:30 IST" name="Login" finished-at="2022-07-26T20:27:33 IST" depends-on-methods="B1.MobileWorld.SignUp" duration-ms="3833" status="PASS">
          <reporter-output>
          </reporter-output>
        </test-method> <!-- Login -->
        <test-method signature="ContactUs()[pri:0, instance:B1.MobileWorld@66498326]" started-at="2022-07-26T20:27:33 IST" name="ContactUs" finished-at="2022-07-26T20:27:35 IST" depends-on-methods="B1.MobileWorld.Login" duration-ms="1245" status="PASS">
          <reporter-output>
          </reporter-output>
        </test-method> <!-- ContactUs -->
        <test-method is-config="true" signature="closeBrowser()[pri:0, instance:B1.MobileWorld@66498326]" started-at="2022-07-26T20:27:35 IST" name="closeBrowser" finished-at="2022-07-26T20:27:35 IST" duration-ms="247" status="PASS">
          <reporter-output>
          </reporter-output>
        </test-method> <!-- closeBrowser -->
      </class> <!-- B1.MobileWorld -->
    </test> <!-- Default test -->
  </suite> <!-- Default suite -->
</testng-results>
